2023-04-25 21:26:19 ERROR AccountController:61 - chỗ này có lỗi
  2023-04-25 21:32:16 ERROR AccountController:61 - chỗ này có lỗi
  2023-04-26 08:48:17 INFO  AccountController:62 - lấy token thành công
  2023-04-26 08:48:38 INFO  AccountController:62 - lấy token thành công
  2023-04-26 08:51:41 INFO  AccountController:62 - lấy token thành công
  2023-04-26 09:16:34 INFO  AccountController:62 - lấy token thành công
  2023-04-26 09:16:39 INFO  AccountController:62 - lấy token thành công
  2023-04-26 09:28:16 INFO  AccountController:62 - lấy token thành công
  2023-04-26 09:45:58 ERROR AccountController:41 - Tên đăng nhập và mật khẩu không được để trống
  2023-04-26 09:54:37 ERROR AccountController:41 - Tên đăng nhập và mật khẩu không được để trống
  2023-04-26 09:54:44 INFO  AccountController:57 - Lấy token thành công
  2023-04-26 10:00:35 INFO  AccountController:57 - Lấy token thành công
  2023-04-26 10:23:42 INFO  AccountController:57 - Lấy token thành công
  2023-04-28 14:11:12 INFO  AccountController:44 - Exported file successfully
  2023-04-28 14:11:36 INFO  AccountController:44 - Exported file successfully
  2023-04-28 14:14:17 INFO  AccountController:55 - Uploaded the file successfully: products_2023-04-28_14-11-36.xlsx
  2023-04-28 14:17:32 INFO  ExportProductController:55 - Uploaded the file successfully: products_2023-04-28_14-11-36.xlsx
  2023-04-28 14:20:34 INFO  ExportProductController:44 - Exported file successfullyproducts_2023/04/28_14.20.33.xlsx
  2023-04-28 14:23:05 INFO  ExportProductController:44 - Exported file successfullyproducts_2023-04-28_14.23.05.xlsx
  2023-04-28 14:23:22 INFO  ExportProductController:55 - Uploaded the file successfully: products_2023-04-28_14.23.05.xlsx
  2023-04-28 14:50:38 INFO  AccountController:57 - Lấy token thành công
  